[2025-02-21 21:00:41,520] INFO [GroupCoordinator 0]: Member consumer-myGroup-1-6ec1f73a-8a81-4824-ba6b-6bbc5c999fdb in group myGroup has failed, removing it from the group (kafka.coordinator.group.GroupCoordinator)
[2025-02-21 21:00:41,525] INFO [GroupCoordinator 0]: Preparing to rebalance group myGroup in state PreparingRebalance with old generation 3 (__consumer_offsets-17) (reason: removing member consumer-myGroup-1-6ec1f73a-8a81-4824-ba6b-6bbc5c999fdb on heartbeat expiration) (kafka.coordinator.group.GroupCoordinator)
[2025-02-21 21:00:41,527] INFO [GroupCoordinator 0]: Group myGroup with generation 4 is now empty (__consumer_offsets-17) (kafka.coordinator.group.GroupCoordinator)
[2025-02-21 21:02:47,331] INFO Creating topic my-topic with configuration {} and initial partition assignment HashMap(0 -> ArrayBuffer(0)) (kafka.zk.AdminZkClient)
[2025-02-21 21:02:47,382] INFO [GroupCoordinator 0]: Dynamic member with unknown member id joins group my-group in Empty state. Created a new member id consumer-my-group-1-255e90fc-62fb-4d6f-85c7-fb83a949165d and request the member to rejoin with this id. (kafka.coordinator.group.GroupCoordinator)
[2025-02-21 21:02:47,387] INFO [ReplicaFetcherManager on broker 0] Removed fetcher for partitions Set(my-topic-0) (kafka.server.ReplicaFetcherManager)
[2025-02-21 21:02:47,388] INFO [GroupCoordinator 0]: Preparing to rebalance group my-group in state PreparingRebalance with old generation 0 (__consumer_offsets-12) (reason: Adding new member consumer-my-group-1-255e90fc-62fb-4d6f-85c7-fb83a949165d with group instance id None; client reason: need to re-join with the given member-id: consumer-my-group-1-255e90fc-62fb-4d6f-85c7-fb83a949165d) (kafka.coordinator.group.GroupCoordinator)
[2025-02-21 21:02:47,389] INFO [GroupCoordinator 0]: Stabilized group my-group generation 1 (__consumer_offsets-12) with 1 members (kafka.coordinator.group.GroupCoordinator)
[2025-02-21 21:02:47,391] INFO [LogLoader partition=my-topic-0, dir=/tmp/kafka-logs] Loading producer state till offset 0 with message format version 2 (kafka.log.UnifiedLog$)
[2025-02-21 21:02:47,392] INFO Created log for partition my-topic-0 in /tmp/kafka-logs/my-topic-0 with properties {} (kafka.log.LogManager)
[2025-02-21 21:02:47,393] INFO [Partition my-topic-0 broker=0] No checkpointed highwatermark is found for partition my-topic-0 (kafka.cluster.Partition)
[2025-02-21 21:02:47,393] INFO [Partition my-topic-0 broker=0] Log loaded for partition my-topic-0 with initial high watermark 0 (kafka.cluster.Partition)
[2025-02-21 21:02:47,499] INFO [GroupCoordinator 0]: Assignment received from leader consumer-my-group-1-255e90fc-62fb-4d6f-85c7-fb83a949165d for group my-group for generation 1. The group has 1 members, 0 of which are static. (kafka.coordinator.group.GroupCoordinator)
[2025-02-21 21:10:48,265] INFO [GroupCoordinator 0]: Preparing to rebalance group my-group in state PreparingRebalance with old generation 1 (__consumer_offsets-12) (reason: Removing member consumer-my-group-1-255e90fc-62fb-4d6f-85c7-fb83a949165d on LeaveGroup; client reason: the consumer unsubscribed from all topics) (kafka.coordinator.group.GroupCoordinator)
[2025-02-21 21:10:48,265] INFO [GroupCoordinator 0]: Group my-group with generation 2 is now empty (__consumer_offsets-12) (kafka.coordinator.group.GroupCoordinator)
[2025-02-21 21:10:48,266] INFO [GroupCoordinator 0]: Member MemberMetadata(memberId=consumer-my-group-1-255e90fc-62fb-4d6f-85c7-fb83a949165d, groupInstanceId=None, clientId=consumer-my-group-1, clientHost=/127.0.0.1, sessionTimeoutMs=45000, rebalanceTimeoutMs=300000, supportedProtocols=List(range, cooperative-sticky)) has left group my-group through explicit `LeaveGroup`; client reason: the consumer unsubscribed from all topics (kafka.coordinator.group.GroupCoordinator)
[2025-02-21 21:11:01,274] INFO Terminating process due to signal SIGHUP (org.apache.kafka.common.utils.LoggingSignalHandler)
[2025-02-21 21:11:01,276] INFO [KafkaServer id=0] shutting down (kafka.server.KafkaServer)
[2025-02-21 21:11:01,276] INFO [KafkaServer id=0] Starting controlled shutdown (kafka.server.KafkaServer)
[2025-02-21 21:11:01,305] INFO [KafkaServer id=0] Controlled shutdown request returned successfully after 4ms (kafka.server.KafkaServer)
[2025-02-21 21:11:01,307] INFO [/config/changes-event-process-thread]: Shutting down (kafka.common.ZkNodeChangeNotificationListener$ChangeEventProcessThread)
[2025-02-21 21:11:01,307] INFO [/config/changes-event-process-thread]: Stopped (kafka.common.ZkNodeChangeNotificationListener$ChangeEventProcessThread)
[2025-02-21 21:11:01,307] INFO [/config/changes-event-process-thread]: Shutdown completed (kafka.common.ZkNodeChangeNotificationListener$ChangeEventProcessThread)
[2025-02-21 21:11:01,308] INFO [SocketServer listenerType=ZK_BROKER, nodeId=0] Stopping socket server request processors (kafka.network.SocketServer)
[2025-02-21 21:11:01,676] WARN Session 0x100025735740000 for server localhost/127.0.0.1:2181, Closing socket connection. Attempting reconnect except it is a SessionExpiredException. (org.apache.zookeeper.ClientCnxn)
EndOfStreamException: Unable to read additional data from server sessionid 0x100025735740000, likely server has closed socket
	at org.apache.zookeeper.ClientCnxnSocketNIO.doIO(ClientCnxnSocketNIO.java:77)
	at org.apache.zookeeper.ClientCnxnSocketNIO.doTransport(ClientCnxnSocketNIO.java:350)
	at org.apache.zookeeper.ClientCnxn$SendThread.run(ClientCnxn.java:1289)
[2025-02-21 21:11:01,311] INFO Terminating process due to signal SIGHUP (org.apache.kafka.common.utils.LoggingSignalHandler)
[2025-02-21 21:11:12,860] INFO [NodeToControllerChannelManager id=0 name=forwarding] Node 0 disconnected. (org.apache.kafka.clients.NetworkClient)
[2025-02-21 21:11:12,861] INFO [SocketServer listenerType=ZK_BROKER, nodeId=0] Stopped socket server request processors (kafka.network.SocketServer)
[2025-02-21 21:11:12,862] INFO [data-plane Kafka Request Handler on Broker 0], shutting down (kafka.server.KafkaRequestHandlerPool)
[2025-02-21 21:11:12,862] INFO [data-plane Kafka Request Handler on Broker 0], shut down completely (kafka.server.KafkaRequestHandlerPool)
[2025-02-21 21:11:12,863] INFO [ExpirationReaper-0-AlterAcls]: Shutting down (kafka.server.DelayedOperationPurgatory$ExpiredOperationReaper)
[2025-02-21 21:11:12,863] INFO [ExpirationReaper-0-AlterAcls]: Stopped (kafka.server.DelayedOperationPurgatory$ExpiredOperationReaper)
[2025-02-21 21:11:12,863] INFO [ExpirationReaper-0-AlterAcls]: Shutdown completed (kafka.server.DelayedOperationPurgatory$ExpiredOperationReaper)
[2025-02-21 21:11:12,864] INFO [KafkaApi-0] Shutdown complete. (kafka.server.KafkaApis)
[2025-02-21 21:11:12,864] INFO [ExpirationReaper-0-topic]: Shutting down (kafka.server.DelayedOperationPurgatory$ExpiredOperationReaper)
[2025-02-21 21:11:12,864] INFO [ExpirationReaper-0-topic]: Stopped (kafka.server.DelayedOperationPurgatory$ExpiredOperationReaper)
[2025-02-21 21:11:12,864] INFO [ExpirationReaper-0-topic]: Shutdown completed (kafka.server.DelayedOperationPurgatory$ExpiredOperationReaper)
[2025-02-21 21:11:12,865] INFO [TransactionCoordinator id=0] Shutting down. (kafka.coordinator.transaction.TransactionCoordinator)
[2025-02-21 21:11:12,865] INFO [Transaction State Manager 0]: Shutdown complete (kafka.coordinator.transaction.TransactionStateManager)
[2025-02-21 21:11:12,865] INFO [TxnMarkerSenderThread-0]: Shutting down (kafka.coordinator.transaction.TransactionMarkerChannelManager)
[2025-02-21 21:11:12,865] INFO [TxnMarkerSenderThread-0]: Stopped (kafka.coordinator.transaction.TransactionMarkerChannelManager)
[2025-02-21 21:11:12,865] INFO [TxnMarkerSenderThread-0]: Shutdown completed (kafka.coordinator.transaction.TransactionMarkerChannelManager)
[2025-02-21 21:11:12,865] INFO [TransactionCoordinator id=0] Shutdown complete. (kafka.coordinator.transaction.TransactionCoordinator)
[2025-02-21 21:11:12,865] INFO [GroupCoordinator 0]: Shutting down. (kafka.coordinator.group.GroupCoordinator)
[2025-02-21 21:11:12,865] INFO [ExpirationReaper-0-Heartbeat]: Shutting down (kafka.server.DelayedOperationPurgatory$ExpiredOperationReaper)
[2025-02-21 21:11:12,865] INFO [ExpirationReaper-0-Heartbeat]: Stopped (kafka.server.DelayedOperationPurgatory$ExpiredOperationReaper)
[2025-02-21 21:11:12,865] INFO [ExpirationReaper-0-Heartbeat]: Shutdown completed (kafka.server.DelayedOperationPurgatory$ExpiredOperationReaper)
[2025-02-21 21:11:12,866] INFO [ExpirationReaper-0-Rebalance]: Shutting down (kafka.server.DelayedOperationPurgatory$ExpiredOperationReaper)
[2025-02-21 21:11:12,866] INFO [ExpirationReaper-0-Rebalance]: Stopped (kafka.server.DelayedOperationPurgatory$ExpiredOperationReaper)
[2025-02-21 21:11:12,866] INFO [ExpirationReaper-0-Rebalance]: Shutdown completed (kafka.server.DelayedOperationPurgatory$ExpiredOperationReaper)
[2025-02-21 21:11:12,866] INFO [GroupCoordinator 0]: Shutdown complete. (kafka.coordinator.group.GroupCoordinator)
[2025-02-21 21:11:12,866] INFO [ReplicaManager broker=0] Shutting down (kafka.server.ReplicaManager)
[2025-02-21 21:11:12,866] INFO [LogDirFailureHandler]: Shutting down (kafka.server.ReplicaManager$LogDirFailureHandler)
[2025-02-21 21:11:12,866] INFO [LogDirFailureHandler]: Stopped (kafka.server.ReplicaManager$LogDirFailureHandler)
[2025-02-21 21:11:12,866] INFO [LogDirFailureHandler]: Shutdown completed (kafka.server.ReplicaManager$LogDirFailureHandler)
[2025-02-21 21:11:12,866] INFO [ReplicaFetcherManager on broker 0] shutting down (kafka.server.ReplicaFetcherManager)
[2025-02-21 21:11:12,867] INFO [ReplicaFetcherManager on broker 0] shutdown completed (kafka.server.ReplicaFetcherManager)
[2025-02-21 21:11:12,867] INFO [ReplicaAlterLogDirsManager on broker 0] shutting down (kafka.server.ReplicaAlterLogDirsManager)
[2025-02-21 21:11:12,867] INFO [ReplicaAlterLogDirsManager on broker 0] shutdown completed (kafka.server.ReplicaAlterLogDirsManager)
[2025-02-21 21:11:12,867] INFO [ExpirationReaper-0-Fetch]: Shutting down (kafka.server.DelayedOperationPurgatory$ExpiredOperationReaper)
[2025-02-21 21:11:12,867] INFO [ExpirationReaper-0-Fetch]: Stopped (kafka.server.DelayedOperationPurgatory$ExpiredOperationReaper)
[2025-02-21 21:11:12,867] INFO [ExpirationReaper-0-Fetch]: Shutdown completed (kafka.server.DelayedOperationPurgatory$ExpiredOperationReaper)
[2025-02-21 21:11:12,867] INFO [ExpirationReaper-0-RemoteFetch]: Shutting down (kafka.server.DelayedOperationPurgatory$ExpiredOperationReaper)
[2025-02-21 21:11:12,867] INFO [ExpirationReaper-0-RemoteFetch]: Stopped (kafka.server.DelayedOperationPurgatory$ExpiredOperationReaper)
[2025-02-21 21:11:12,867] INFO [ExpirationReaper-0-RemoteFetch]: Shutdown completed (kafka.server.DelayedOperationPurgatory$ExpiredOperationReaper)
[2025-02-21 21:11:12,867] INFO [ExpirationReaper-0-Produce]: Shutting down (kafka.server.DelayedOperationPurgatory$ExpiredOperationReaper)
[2025-02-21 21:11:12,867] INFO [ExpirationReaper-0-Produce]: Stopped (kafka.server.DelayedOperationPurgatory$ExpiredOperationReaper)
[2025-02-21 21:11:12,867] INFO [ExpirationReaper-0-Produce]: Shutdown completed (kafka.server.DelayedOperationPurgatory$ExpiredOperationReaper)
[2025-02-21 21:11:12,867] INFO [ExpirationReaper-0-DeleteRecords]: Shutting down (kafka.server.DelayedOperationPurgatory$ExpiredOperationReaper)
[2025-02-21 21:11:12,867] INFO [ExpirationReaper-0-DeleteRecords]: Stopped (kafka.server.DelayedOperationPurgatory$ExpiredOperationReaper)
[2025-02-21 21:11:12,867] INFO [ExpirationReaper-0-DeleteRecords]: Shutdown completed (kafka.server.DelayedOperationPurgatory$ExpiredOperationReaper)
[2025-02-21 21:11:12,867] INFO [ExpirationReaper-0-ElectLeader]: Shutting down (kafka.server.DelayedOperationPurgatory$ExpiredOperationReaper)
[2025-02-21 21:11:12,868] INFO [ExpirationReaper-0-ElectLeader]: Stopped (kafka.server.DelayedOperationPurgatory$ExpiredOperationReaper)
[2025-02-21 21:11:12,868] INFO [ExpirationReaper-0-ElectLeader]: Shutdown completed (kafka.server.DelayedOperationPurgatory$ExpiredOperationReaper)
[2025-02-21 21:11:12,877] INFO [AddPartitionsToTxnSenderThread-0]: Shutting down (kafka.server.AddPartitionsToTxnManager)
[2025-02-21 21:11:12,877] INFO [AddPartitionsToTxnSenderThread-0]: Stopped (kafka.server.AddPartitionsToTxnManager)
[2025-02-21 21:11:12,877] INFO [AddPartitionsToTxnSenderThread-0]: Shutdown completed (kafka.server.AddPartitionsToTxnManager)
[2025-02-21 21:11:12,877] INFO [ReplicaManager broker=0] Shut down completely (kafka.server.ReplicaManager)
[2025-02-21 21:11:12,877] INFO [zk-broker-0-to-controller-alter-partition-channel-manager]: Shutting down (kafka.server.NodeToControllerRequestThread)
[2025-02-21 21:11:12,877] INFO [zk-broker-0-to-controller-alter-partition-channel-manager]: Stopped (kafka.server.NodeToControllerRequestThread)
[2025-02-21 21:11:12,877] INFO [zk-broker-0-to-controller-alter-partition-channel-manager]: Shutdown completed (kafka.server.NodeToControllerRequestThread)
[2025-02-21 21:11:12,878] INFO Node to controller channel manager for alter-partition shutdown (kafka.server.NodeToControllerChannelManagerImpl)
[2025-02-21 21:11:12,878] INFO [zk-broker-0-to-controller-forwarding-channel-manager]: Shutting down (kafka.server.NodeToControllerRequestThread)
[2025-02-21 21:11:12,878] INFO [zk-broker-0-to-controller-forwarding-channel-manager]: Stopped (kafka.server.NodeToControllerRequestThread)
[2025-02-21 21:11:12,878] INFO [zk-broker-0-to-controller-forwarding-channel-manager]: Shutdown completed (kafka.server.NodeToControllerRequestThread)
[2025-02-21 21:11:12,878] INFO Node to controller channel manager for forwarding shutdown (kafka.server.NodeToControllerChannelManagerImpl)
[2025-02-21 21:11:12,879] INFO Shutting down. (kafka.log.LogManager)
[2025-02-21 21:11:12,879] INFO [kafka-log-cleaner-thread-0]: Shutting down (kafka.log.LogCleaner$CleanerThread)
[2025-02-21 21:11:12,879] INFO [kafka-log-cleaner-thread-0]: Stopped (kafka.log.LogCleaner$CleanerThread)
[2025-02-21 21:11:12,879] INFO [kafka-log-cleaner-thread-0]: Shutdown completed (kafka.log.LogCleaner$CleanerThread)
[2025-02-21 21:11:12,949] INFO [ProducerStateManager partition=my-topic-0] Wrote producer snapshot at offset 1 with 1 producer ids in 4 ms. (org.apache.kafka.storage.internals.log.ProducerStateManager)
[2025-02-21 21:11:13,011] INFO [ProducerStateManager partition=__consumer_offsets-17] Wrote producer snapshot at offset 1085 with 0 producer ids in 4 ms. (org.apache.kafka.storage.internals.log.ProducerStateManager)
[2025-02-21 21:11:13,038] INFO [ProducerStateManager partition=__consumer_offsets-12] Wrote producer snapshot at offset 3 with 0 producer ids in 4 ms. (org.apache.kafka.storage.internals.log.ProducerStateManager)
[2025-02-21 21:11:13,182] INFO Shutdown complete. (kafka.log.LogManager)
[2025-02-21 21:11:13,187] INFO [feature-zk-node-event-process-thread]: Shutting down (kafka.server.FinalizedFeatureChangeListener$ChangeNotificationProcessorThread)
[2025-02-21 21:11:13,187] INFO [feature-zk-node-event-process-thread]: Stopped (kafka.server.FinalizedFeatureChangeListener$ChangeNotificationProcessorThread)
[2025-02-21 21:11:13,187] INFO [feature-zk-node-event-process-thread]: Shutdown completed (kafka.server.FinalizedFeatureChangeListener$ChangeNotificationProcessorThread)
[2025-02-21 21:11:13,187] INFO [ZooKeeperClient Kafka server] Closing. (kafka.zookeeper.ZooKeeperClient)
[2025-02-21 21:11:14,736] INFO Opening socket connection to server localhost/127.0.0.1:2181. (org.apache.zookeeper.ClientCnxn)
[2025-02-21 21:11:14,847] INFO Session: 0x100025735740000 closed (org.apache.zookeeper.ZooKeeper)
[2025-02-21 21:11:14,848] INFO EventThread shut down for session: 0x100025735740000 (org.apache.zookeeper.ClientCnxn)
[2025-02-21 21:11:14,849] INFO [ZooKeeperClient Kafka server] Closed. (kafka.zookeeper.ZooKeeperClient)
[2025-02-21 21:11:14,850] INFO [ThrottledChannelReaper-Fetch]: Shutting down (kafka.server.ClientQuotaManager$ThrottledChannelReaper)
[2025-02-21 21:11:14,853] INFO [ThrottledChannelReaper-Fetch]: Stopped (kafka.server.ClientQuotaManager$ThrottledChannelReaper)
[2025-02-21 21:11:14,853] INFO [ThrottledChannelReaper-Fetch]: Shutdown completed (kafka.server.ClientQuotaManager$ThrottledChannelReaper)
[2025-02-21 21:11:14,854] INFO [ThrottledChannelReaper-Produce]: Shutting down (kafka.server.ClientQuotaManager$ThrottledChannelReaper)
[2025-02-21 21:11:14,854] INFO [ThrottledChannelReaper-Produce]: Stopped (kafka.server.ClientQuotaManager$ThrottledChannelReaper)
[2025-02-21 21:11:14,854] INFO [ThrottledChannelReaper-Produce]: Shutdown completed (kafka.server.ClientQuotaManager$ThrottledChannelReaper)
[2025-02-21 21:11:14,854] INFO [ThrottledChannelReaper-Request]: Shutting down (kafka.server.ClientQuotaManager$ThrottledChannelReaper)
[2025-02-21 21:11:14,854] INFO [ThrottledChannelReaper-Request]: Stopped (kafka.server.ClientQuotaManager$ThrottledChannelReaper)
[2025-02-21 21:11:14,855] INFO [ThrottledChannelReaper-Request]: Shutdown completed (kafka.server.ClientQuotaManager$ThrottledChannelReaper)
[2025-02-21 21:11:14,855] INFO [ThrottledChannelReaper-ControllerMutation]: Shutting down (kafka.server.ClientQuotaManager$ThrottledChannelReaper)
[2025-02-21 21:11:14,855] INFO [ThrottledChannelReaper-ControllerMutation]: Stopped (kafka.server.ClientQuotaManager$ThrottledChannelReaper)
[2025-02-21 21:11:14,855] INFO [ThrottledChannelReaper-ControllerMutation]: Shutdown completed (kafka.server.ClientQuotaManager$ThrottledChannelReaper)
[2025-02-21 21:11:14,856] INFO [SocketServer listenerType=ZK_BROKER, nodeId=0] Shutting down socket server (kafka.network.SocketServer)
[2025-02-21 21:11:14,871] INFO [SocketServer listenerType=ZK_BROKER, nodeId=0] Shutdown completed (kafka.network.SocketServer)
[2025-02-21 21:11:14,872] INFO Metrics scheduler closed (org.apache.kafka.common.metrics.Metrics)
[2025-02-21 21:11:14,872] INFO Closing reporter org.apache.kafka.common.metrics.JmxReporter (org.apache.kafka.common.metrics.Metrics)
[2025-02-21 21:11:14,872] INFO Metrics reporters closed (org.apache.kafka.common.metrics.Metrics)
[2025-02-21 21:11:14,873] INFO Broker and topic stats closed (kafka.server.BrokerTopicStats)
[2025-02-21 21:11:14,873] INFO App info kafka.server for 0 unregistered (org.apache.kafka.common.utils.AppInfoParser)
[2025-02-21 21:11:14,874] INFO [KafkaServer id=0] shut down completed (kafka.server.KafkaServer)
